Argument_Fuzzing_Script.sh: line 4:  4334 Segmentation fault      (core dumped) ./comp/encoder in_argument/$file test.jpg 40
Óvv!ng*
Argument_Fuzzing_Script.sh: line 4:  4339 Segmentation fault      (core dumped) ./comp/encoder in_argument/$file test.jpg 40
Sdrang
Argument_Fuzzing_Script.sh: line 4:  4344 Segmentation fault      (core dumped) ./comp/encoder in_argument/$file test.jpg 40
Stv)ne
Argument_Fuzzing_Script.sh: line 4:  4349 Segmentation fault      (core dumped) ./comp/encoder in_argument/$file test.jpg 40
Stcanm
Argument_Fuzzing_Script.sh: line 4:  4354 Segmentation fault      (core dumped) ./comp/encoder in_argument/$file test.jpg 40
Würyng
Argument_Fuzzing_Script.sh: line 4:  4359 Segmentation fault      (core dumped) ./comp/encoder in_argument/$file test.jpg 40
cTòi^g
Argument_Fuzzing_Script.sh: line 4:  4364 Segmentation fault      (core dumped) ./comp/encoder in_argument/$file test.jpg 40
Wtryng
Argument_Fuzzing_Script.sh: line 4:  4369 Segmentation fault      (core dumped) ./comp/encoder in_argument/$file test.jpg 40
Stckfg
Argument_Fuzzing_Script.sh: line 4:  4374 Segmentation fault      (core dumped) ./comp/encoder in_argument/$file test.jpg 40
Stz`No
Argument_Fuzzing_Script.sh: line 4:  4379 Segmentation fault      (core dumped) ./comp/encoder in_argument/$file test.jpg 40
StréNg
Argument_Fuzzing_Script.sh: line 4:  4384 Segmentation fault      (core dumped) ./comp/encoder in_argument/$file test.jpg 40
Rtri~e
