Argument_Fuzzing_Script.sh: line 4:  2892 Segmentation fault      (core dumped) ./comp/encoder in_argument/$file test.jpg 40
Óvv!ng*
Argument_Fuzzing_Script.sh: line 4:  2897 Segmentation fault      (core dumped) ./comp/encoder in_argument/$file test.jpg 40
Sdrang
Argument_Fuzzing_Script.sh: line 4:  2902 Segmentation fault      (core dumped) ./comp/encoder in_argument/$file test.jpg 40
Stv)ne
Argument_Fuzzing_Script.sh: line 4:  2907 Segmentation fault      (core dumped) ./comp/encoder in_argument/$file test.jpg 40
Stcanm
Argument_Fuzzing_Script.sh: line 4:  2912 Segmentation fault      (core dumped) ./comp/encoder in_argument/$file test.jpg 40
Würyng
Argument_Fuzzing_Script.sh: line 4:  2917 Segmentation fault      (core dumped) ./comp/encoder in_argument/$file test.jpg 40
cTòi^g
Argument_Fuzzing_Script.sh: line 4:  2922 Segmentation fault      (core dumped) ./comp/encoder in_argument/$file test.jpg 40
Wtryng
Argument_Fuzzing_Script.sh: line 4:  2927 Segmentation fault      (core dumped) ./comp/encoder in_argument/$file test.jpg 40
Stckfg
Argument_Fuzzing_Script.sh: line 4:  2932 Segmentation fault      (core dumped) ./comp/encoder in_argument/$file test.jpg 40
Stz`No
Argument_Fuzzing_Script.sh: line 4:  2937 Segmentation fault      (core dumped) ./comp/encoder in_argument/$file test.jpg 40
StréNg
Argument_Fuzzing_Script.sh: line 4:  2942 Segmentation fault      (core dumped) ./comp/encoder in_argument/$file test.jpg 40
Rtri~e
